22:23:36 **** Incremental Build of configuration Debug for project Control_ECU ****
make all 
Building file: ../HAL/Buzzer/buzzer.c
Invoking: AVR Compiler
avr-gcc -Wall -g3 -gdwarf-2 -O0 -fpack-struct -fshort-enums -ffunction-sections -fdata-sections -std=gnu99 -funsigned-char -funsigned-bitfields -mmcu=atmega32 -DF_CPU=8000000UL -MMD -MP -MF"HAL/Buzzer/buzzer.d" -MT"HAL/Buzzer/buzzer.o" -c -o "HAL/Buzzer/buzzer.o" "../HAL/Buzzer/buzzer.c"
Finished building: ../HAL/Buzzer/buzzer.c
 
Building target: Control_ECU.elf
Invoking: AVR C Linker
avr-gcc -Wl,-Map,Control_ECU.map -mmcu=atmega32 -o "Control_ECU.elf"  ./MCAL/UART/uart.o  ./MCAL/Timer/timer.o  ./MCAL/PWM0/pwm0.o  ./MCAL/I2C/twi.o  ./MCAL/GPIO/gpio.o  ./HAL/PIR/pir.o  ./HAL/Motor/motor.o  ./HAL/EXT_EEPROM/external_eeprom.o  ./HAL/Buzzer/buzzer.o  ./control_ecu.o   
Finished building target: Control_ECU.elf
 
Invoking: AVR Create Extended Listing
avr-objdump -h -S Control_ECU.elf  >"Control_ECU.lss"
Finished building: Control_ECU.lss
 
Create Flash image (ihex format)
avr-objcopy -R .eeprom -R .fuse -R .lock -R .signature -O ihex Control_ECU.elf  "Control_ECU.hex"
Finished building: Control_ECU.hex
 
Invoking: Print Size
avr-size --format=avr --mcu=atmega32 Control_ECU.elf
AVR Memory Usage
----------------
Device: atmega32

Program:   11140 bytes (34.0% Full)
(.text + .data + .bootloader)

Data:        305 bytes (14.9% Full)
(.data + .bss + .noinit)


Finished building: sizedummy
 

22:23:37 Build Finished. 0 errors, 0 warnings. (took 503ms)

